<?xml version="1.0" encoding="UTF-8"?>
<coverage generated="1561361585688" clover="3.2.0">
  <project timestamp="1561361585688" name="All files">
    <metrics statements="62" coveredstatements="61" conditionals="10" coveredconditionals="9" methods="16" coveredmethods="16" elements="88" coveredelements="86" complexity="0" loc="62" ncloc="62" packages="1" files="2" classes="2"/>
    <file name="index.js" path="/Users/narda/Desktop/Lim009/LIM009-fe-md-links/src/index.js">
      <metrics statements="36" coveredstatements="35" conditionals="6" coveredconditionals="6" methods="9" coveredmethods="9"/>
      <line num="7" count="2" type="stmt"/>
      <line num="8" count="2" type="stmt"/>
      <line num="9" count="2" type="stmt"/>
      <line num="10" count="2" type="stmt"/>
      <line num="11" count="2" type="stmt"/>
      <line num="13" count="2" type="stmt"/>
      <line num="14" count="5" type="stmt"/>
      <line num="15" count="5" type="cond" truecount="2" falsecount="0"/>
      <line num="16" count="4" type="stmt"/>
      <line num="18" count="1" type="stmt"/>
      <line num="24" count="2" type="stmt"/>
      <line num="25" count="50" type="stmt"/>
      <line num="26" count="47" type="stmt"/>
      <line num="30" count="2" type="stmt"/>
      <line num="31" count="3" type="stmt"/>
      <line num="32" count="0" type="stmt"/>
      <line num="38" count="2" type="stmt"/>
      <line num="39" count="9" type="stmt"/>
      <line num="40" count="8" type="stmt"/>
      <line num="44" count="2" type="stmt"/>
      <line num="45" count="1" type="stmt"/>
      <line num="46" count="1" type="stmt"/>
      <line num="47" count="4" type="stmt"/>
      <line num="52" count="2" type="stmt"/>
      <line num="53" count="29" type="stmt"/>
      <line num="54" count="29" type="stmt"/>
      <line num="58" count="2" type="stmt"/>
      <line num="59" count="47" type="stmt"/>
      <line num="60" count="47" type="cond" truecount="2" falsecount="0"/>
      <line num="61" count="27" type="cond" truecount="2" falsecount="0"/>
      <line num="62" count="11" type="stmt"/>
      <line num="65" count="20" type="stmt"/>
      <line num="66" count="20" type="stmt"/>
      <line num="67" count="43" type="stmt"/>
      <line num="68" count="43" type="stmt"/>
      <line num="71" count="47" type="stmt"/>
    </file>
    <file name="main.js" path="/Users/narda/Desktop/Lim009/LIM009-fe-md-links/src/main.js">
      <metrics statements="26" coveredstatements="26" conditionals="4" coveredconditionals="3" methods="7" coveredmethods="7"/>
      <line num="4" count="1" type="stmt"/>
      <line num="5" count="1" type="stmt"/>
      <line num="6" count="1" type="stmt"/>
      <line num="7" count="1" type="stmt"/>
      <line num="11" count="1" type="stmt"/>
      <line num="12" count="3" type="stmt"/>
      <line num="13" count="3" type="stmt"/>
      <line num="14" count="3" type="stmt"/>
      <line num="15" count="3" type="stmt"/>
      <line num="16" count="8" type="stmt"/>
      <line num="17" count="8" type="stmt"/>
      <line num="18" count="8" type="stmt"/>
      <line num="19" count="16" type="stmt"/>
      <line num="25" count="8" type="stmt"/>
      <line num="28" count="3" type="stmt"/>
      <line num="33" count="1" type="stmt"/>
      <line num="34" count="2" type="stmt"/>
      <line num="35" count="8" type="stmt"/>
      <line num="37" count="5" type="cond" truecount="3" falsecount="1"/>
      <line num="38" count="5" type="stmt"/>
      <line num="39" count="5" type="stmt"/>
      <line num="41" count="5" type="stmt"/>
      <line num="44" count="3" type="stmt"/>
      <line num="46" count="3" type="stmt"/>
      <line num="48" count="3" type="stmt"/>
      <line num="51" count="2" type="stmt"/>
    </file>
  </project>
</coverage>
