{"/Users/narda/Desktop/Lim009/LIM009-fe-md-links/src/index.js": {"path":"/Users/narda/Desktop/Lim009/LIM009-fe-md-links/src/index.js","statementMap":{"0":{"start":{"line":4,"column":30},"end":{"line":11,"column":1}},"1":{"start":{"line":5,"column":19},"end":{"line":5,"column":40}},"2":{"start":{"line":6,"column":4},"end":{"line":10,"column":5}},"3":{"start":{"line":7,"column":8},"end":{"line":7,"column":20}},"4":{"start":{"line":9,"column":8},"end":{"line":9,"column":34}},"5":{"start":{"line":13,"column":22},"end":{"line":16,"column":1}},"6":{"start":{"line":14,"column":18},"end":{"line":14,"column":35}},"7":{"start":{"line":15,"column":4},"end":{"line":15,"column":26}},"8":{"start":{"line":18,"column":27},"end":{"line":21,"column":1}},"9":{"start":{"line":19,"column":18},"end":{"line":19,"column":35}},"10":{"start":{"line":20,"column":4},"end":{"line":20,"column":30}},"11":{"start":{"line":23,"column":23},"end":{"line":26,"column":1}},"12":{"start":{"line":24,"column":18},"end":{"line":24,"column":48}},"13":{"start":{"line":25,"column":4},"end":{"line":25,"column":18}},"14":{"start":{"line":28,"column":22},"end":{"line":33,"column":1}},"15":{"start":{"line":29,"column":21},"end":{"line":29,"column":50}},"16":{"start":{"line":30,"column":4},"end":{"line":32,"column":6}},"17":{"start":{"line":31,"column":8},"end":{"line":31,"column":41}},"18":{"start":{"line":36,"column":20},"end":{"line":39,"column":1}},"19":{"start":{"line":37,"column":14},"end":{"line":37,"column":41}},"20":{"start":{"line":38,"column":5},"end":{"line":38,"column":14}},"21":{"start":{"line":41,"column":28},"end":{"line":55,"column":1}},"22":{"start":{"line":42,"column":13},"end":{"line":42,"column":15}},"23":{"start":{"line":43,"column":4},"end":{"line":53,"column":5}},"24":{"start":{"line":44,"column":8},"end":{"line":46,"column":9}},"25":{"start":{"line":45,"column":12},"end":{"line":45,"column":26}},"26":{"start":{"line":48,"column":17},"end":{"line":48,"column":37}},"27":{"start":{"line":49,"column":8},"end":{"line":52,"column":11}},"28":{"start":{"line":50,"column":27},"end":{"line":50,"column":62}},"29":{"start":{"line":51,"column":12},"end":{"line":51,"column":37}},"30":{"start":{"line":54,"column":4},"end":{"line":54,"column":16}}},"fnMap":{"0":{"name":"(anonymous_0)","decl":{"start":{"line":4,"column":30},"end":{"line":4,"column":31}},"loc":{"start":{"line":4,"column":40},"end":{"line":11,"column":1}},"line":4},"1":{"name":"(anonymous_1)","decl":{"start":{"line":13,"column":22},"end":{"line":13,"column":23}},"loc":{"start":{"line":13,"column":32},"end":{"line":16,"column":1}},"line":13},"2":{"name":"(anonymous_2)","decl":{"start":{"line":18,"column":27},"end":{"line":18,"column":28}},"loc":{"start":{"line":18,"column":37},"end":{"line":21,"column":1}},"line":18},"3":{"name":"(anonymous_3)","decl":{"start":{"line":23,"column":23},"end":{"line":23,"column":24}},"loc":{"start":{"line":23,"column":33},"end":{"line":26,"column":1}},"line":23},"4":{"name":"(anonymous_4)","decl":{"start":{"line":28,"column":22},"end":{"line":28,"column":23}},"loc":{"start":{"line":28,"column":32},"end":{"line":33,"column":1}},"line":28},"5":{"name":"(anonymous_5)","decl":{"start":{"line":30,"column":26},"end":{"line":30,"column":27}},"loc":{"start":{"line":30,"column":39},"end":{"line":32,"column":5}},"line":30},"6":{"name":"(anonymous_6)","decl":{"start":{"line":36,"column":20},"end":{"line":36,"column":21}},"loc":{"start":{"line":36,"column":29},"end":{"line":39,"column":1}},"line":36},"7":{"name":"(anonymous_7)","decl":{"start":{"line":41,"column":28},"end":{"line":41,"column":29}},"loc":{"start":{"line":41,"column":38},"end":{"line":55,"column":1}},"line":41},"8":{"name":"(anonymous_8)","decl":{"start":{"line":49,"column":20},"end":{"line":49,"column":21}},"loc":{"start":{"line":49,"column":30},"end":{"line":52,"column":9}},"line":49}},"branchMap":{"0":{"loc":{"start":{"line":6,"column":4},"end":{"line":10,"column":5}},"type":"if","locations":[{"start":{"line":6,"column":4},"end":{"line":10,"column":5}},{"start":{"line":6,"column":4},"end":{"line":10,"column":5}}],"line":6},"1":{"loc":{"start":{"line":43,"column":4},"end":{"line":53,"column":5}},"type":"if","locations":[{"start":{"line":43,"column":4},"end":{"line":53,"column":5}},{"start":{"line":43,"column":4},"end":{"line":53,"column":5}}],"line":43},"2":{"loc":{"start":{"line":44,"column":8},"end":{"line":46,"column":9}},"type":"if","locations":[{"start":{"line":44,"column":8},"end":{"line":46,"column":9}},{"start":{"line":44,"column":8},"end":{"line":46,"column":9}}],"line":44}},"s":{"0":5,"1":16,"2":12,"3":11,"4":1,"5":5,"6":91,"7":89,"8":5,"9":3,"10":2,"11":5,"12":25,"13":25,"14":5,"15":1,"16":1,"17":2,"18":5,"19":57,"20":57,"21":5,"22":88,"23":88,"24":55,"25":27,"26":32,"27":32,"28":77,"29":77,"30":87},"f":{"0":16,"1":91,"2":3,"3":25,"4":1,"5":2,"6":57,"7":88,"8":77},"b":{"0":[11,1],"1":[55,32],"2":[27,28]},"_coverageSchema":"43e27e138ebf9cfc5966b082cf9a028302ed4184","hash":"50791453dbb6a40d20052c31c00e8027f5470f59"}
,"/Users/narda/Desktop/Lim009/LIM009-fe-md-links/src/main.js": {"path":"/Users/narda/Desktop/Lim009/LIM009-fe-md-links/src/main.js","statementMap":{"0":{"start":{"line":4,"column":18},"end":{"line":4,"column":38}},"1":{"start":{"line":8,"column":27},"end":{"line":25,"column":1}},"2":{"start":{"line":9,"column":20},"end":{"line":9,"column":40}},"3":{"start":{"line":10,"column":17},"end":{"line":10,"column":39}},"4":{"start":{"line":11,"column":15},"end":{"line":11,"column":17}},"5":{"start":{"line":12,"column":4},"end":{"line":23,"column":6}},"6":{"start":{"line":13,"column":21},"end":{"line":13,"column":35}},"7":{"start":{"line":14,"column":25},"end":{"line":14,"column":54}},"8":{"start":{"line":15,"column":8},"end":{"line":21,"column":9}},"9":{"start":{"line":16,"column":12},"end":{"line":20,"column":15}},"10":{"start":{"line":22,"column":8},"end":{"line":22,"column":49}},"11":{"start":{"line":24,"column":4},"end":{"line":24,"column":17}},"12":{"start":{"line":27,"column":26},"end":{"line":45,"column":1}},"13":{"start":{"line":28,"column":21},"end":{"line":43,"column":6}},"14":{"start":{"line":29,"column":8},"end":{"line":42,"column":10}},"15":{"start":{"line":31,"column":12},"end":{"line":31,"column":36}},"16":{"start":{"line":32,"column":12},"end":{"line":36,"column":14}},"17":{"start":{"line":33,"column":16},"end":{"line":33,"column":30}},"18":{"start":{"line":35,"column":16},"end":{"line":35,"column":30}},"19":{"start":{"line":37,"column":12},"end":{"line":37,"column":24}},"20":{"start":{"line":40,"column":16},"end":{"line":40,"column":37}},"21":{"start":{"line":41,"column":12},"end":{"line":41,"column":24}},"22":{"start":{"line":44,"column":4},"end":{"line":44,"column":33}}},"fnMap":{"0":{"name":"(anonymous_0)","decl":{"start":{"line":8,"column":27},"end":{"line":8,"column":28}},"loc":{"start":{"line":8,"column":37},"end":{"line":25,"column":1}},"line":8},"1":{"name":"(anonymous_1)","decl":{"start":{"line":12,"column":15},"end":{"line":12,"column":16}},"loc":{"start":{"line":12,"column":23},"end":{"line":23,"column":5}},"line":12},"2":{"name":"(anonymous_2)","decl":{"start":{"line":15,"column":23},"end":{"line":15,"column":24}},"loc":{"start":{"line":15,"column":46},"end":{"line":21,"column":9}},"line":15},"3":{"name":"(anonymous_3)","decl":{"start":{"line":27,"column":26},"end":{"line":27,"column":27}},"loc":{"start":{"line":27,"column":36},"end":{"line":45,"column":1}},"line":27},"4":{"name":"(anonymous_4)","decl":{"start":{"line":28,"column":43},"end":{"line":28,"column":44}},"loc":{"start":{"line":28,"column":53},"end":{"line":43,"column":5}},"line":28},"5":{"name":"(anonymous_5)","decl":{"start":{"line":30,"column":14},"end":{"line":30,"column":15}},"loc":{"start":{"line":30,"column":21},"end":{"line":38,"column":13}},"line":30},"6":{"name":"(anonymous_6)","decl":{"start":{"line":39,"column":15},"end":{"line":39,"column":16}},"loc":{"start":{"line":39,"column":22},"end":{"line":42,"column":9}},"line":39}},"branchMap":{"0":{"loc":{"start":{"line":32,"column":12},"end":{"line":36,"column":14}},"type":"if","locations":[{"start":{"line":32,"column":12},"end":{"line":36,"column":14}},{"start":{"line":32,"column":12},"end":{"line":36,"column":14}}],"line":32}},"s":{"0":4,"1":4,"2":14,"3":10,"4":9,"5":9,"6":24,"7":24,"8":24,"9":40,"10":24,"11":9,"12":4,"13":10,"14":30,"15":30,"16":30,"17":18,"18":12,"19":30,"20":0,"21":0,"22":7},"f":{"0":14,"1":24,"2":40,"3":10,"4":30,"5":30,"6":0},"b":{"0":[18,12]},"_coverageSchema":"43e27e138ebf9cfc5966b082cf9a028302ed4184","hash":"3a2b56847bc3e52d683102ba58e55b5e01d6f2ec"}
,"/Users/narda/Desktop/Lim009/LIM009-fe-md-links/src/mdLinks.js": {"path":"/Users/narda/Desktop/Lim009/LIM009-fe-md-links/src/mdLinks.js","statementMap":{"0":{"start":{"line":4,"column":12},"end":{"line":4,"column":32}},"1":{"start":{"line":6,"column":23},"end":{"line":23,"column":1}},"2":{"start":{"line":7,"column":4},"end":{"line":22,"column":6}},"3":{"start":{"line":8,"column":8},"end":{"line":21,"column":9}},"4":{"start":{"line":9,"column":12},"end":{"line":13,"column":13}},"5":{"start":{"line":10,"column":16},"end":{"line":10,"column":43}},"6":{"start":{"line":11,"column":19},"end":{"line":13,"column":13}},"7":{"start":{"line":12,"column":16},"end":{"line":12,"column":43}},"8":{"start":{"line":16,"column":12},"end":{"line":20,"column":13}},"9":{"start":{"line":17,"column":16},"end":{"line":17,"column":55}},"10":{"start":{"line":19,"column":16},"end":{"line":19,"column":41}}},"fnMap":{"0":{"name":"(anonymous_0)","decl":{"start":{"line":6,"column":23},"end":{"line":6,"column":24}},"loc":{"start":{"line":6,"column":39},"end":{"line":23,"column":1}},"line":6},"1":{"name":"(anonymous_1)","decl":{"start":{"line":7,"column":24},"end":{"line":7,"column":25}},"loc":{"start":{"line":7,"column":45},"end":{"line":22,"column":5}},"line":7}},"branchMap":{"0":{"loc":{"start":{"line":9,"column":12},"end":{"line":13,"column":13}},"type":"if","locations":[{"start":{"line":9,"column":12},"end":{"line":13,"column":13}},{"start":{"line":9,"column":12},"end":{"line":13,"column":13}}],"line":9},"1":{"loc":{"start":{"line":11,"column":19},"end":{"line":13,"column":13}},"type":"if","locations":[{"start":{"line":11,"column":19},"end":{"line":13,"column":13}},{"start":{"line":11,"column":19},"end":{"line":13,"column":13}}],"line":11},"2":{"loc":{"start":{"line":11,"column":23},"end":{"line":11,"column":54}},"type":"binary-expr","locations":[{"start":{"line":11,"column":23},"end":{"line":11,"column":28}},{"start":{"line":11,"column":32},"end":{"line":11,"column":54}}],"line":11},"3":{"loc":{"start":{"line":16,"column":12},"end":{"line":20,"column":13}},"type":"if","locations":[{"start":{"line":16,"column":12},"end":{"line":20,"column":13}},{"start":{"line":16,"column":12},"end":{"line":20,"column":13}}],"line":16}},"s":{"0":3,"1":3,"2":10,"3":10,"4":10,"5":9,"6":1,"7":1,"8":3,"9":1,"10":2},"f":{"0":10,"1":10},"b":{"0":[9,1],"1":[1,0],"2":[1,1],"3":[1,2]},"_coverageSchema":"43e27e138ebf9cfc5966b082cf9a028302ed4184","hash":"7c8a4381887b29be9b714747ff38b4c848d0c19a"}
,"/Users/narda/Desktop/Lim009/LIM009-fe-md-links/src/mdLinksCli.js": {"path":"/Users/narda/Desktop/Lim009/LIM009-fe-md-links/src/mdLinksCli.js","statementMap":{"0":{"start":{"line":2,"column":12},"end":{"line":2,"column":32}},"1":{"start":{"line":7,"column":12},"end":{"line":7,"column":27}},"2":{"start":{"line":8,"column":13},"end":{"line":8,"column":28}},"3":{"start":{"line":9,"column":13},"end":{"line":9,"column":28}},"4":{"start":{"line":12,"column":25},"end":{"line":33,"column":1}},"5":{"start":{"line":13,"column":8},"end":{"line":32,"column":10}},"6":{"start":{"line":15,"column":12},"end":{"line":31,"column":13}},"7":{"start":{"line":16,"column":16},"end":{"line":16,"column":74}},"8":{"start":{"line":17,"column":18},"end":{"line":31,"column":13}},"9":{"start":{"line":18,"column":28},"end":{"line":20,"column":18}},"10":{"start":{"line":19,"column":20},"end":{"line":19,"column":67}},"11":{"start":{"line":21,"column":16},"end":{"line":21,"column":74}},"12":{"start":{"line":22,"column":18},"end":{"line":31,"column":13}},"13":{"start":{"line":23,"column":28},"end":{"line":25,"column":18}},"14":{"start":{"line":24,"column":20},"end":{"line":24,"column":101}},"15":{"start":{"line":26,"column":16},"end":{"line":26,"column":75}},"16":{"start":{"line":27,"column":18},"end":{"line":31,"column":13}},"17":{"start":{"line":28,"column":16},"end":{"line":28,"column":34}},"18":{"start":{"line":29,"column":18},"end":{"line":31,"column":13}},"19":{"start":{"line":30,"column":16},"end":{"line":30,"column":39}},"20":{"start":{"line":35,"column":0},"end":{"line":37,"column":31}},"21":{"start":{"line":36,"column":13},"end":{"line":36,"column":29}},"22":{"start":{"line":37,"column":14},"end":{"line":37,"column":30}}},"fnMap":{"0":{"name":"(anonymous_0)","decl":{"start":{"line":12,"column":25},"end":{"line":12,"column":26}},"loc":{"start":{"line":12,"column":47},"end":{"line":33,"column":1}},"line":12},"1":{"name":"(anonymous_1)","decl":{"start":{"line":14,"column":14},"end":{"line":14,"column":15}},"loc":{"start":{"line":14,"column":21},"end":{"line":32,"column":9}},"line":14},"2":{"name":"(anonymous_2)","decl":{"start":{"line":18,"column":36},"end":{"line":18,"column":37}},"loc":{"start":{"line":18,"column":44},"end":{"line":20,"column":17}},"line":18},"3":{"name":"(anonymous_3)","decl":{"start":{"line":23,"column":36},"end":{"line":23,"column":37}},"loc":{"start":{"line":23,"column":44},"end":{"line":25,"column":17}},"line":23},"4":{"name":"(anonymous_4)","decl":{"start":{"line":36,"column":6},"end":{"line":36,"column":7}},"loc":{"start":{"line":36,"column":13},"end":{"line":36,"column":29}},"line":36},"5":{"name":"(anonymous_5)","decl":{"start":{"line":37,"column":7},"end":{"line":37,"column":8}},"loc":{"start":{"line":37,"column":14},"end":{"line":37,"column":30}},"line":37}},"branchMap":{"0":{"loc":{"start":{"line":15,"column":12},"end":{"line":31,"column":13}},"type":"if","locations":[{"start":{"line":15,"column":12},"end":{"line":31,"column":13}},{"start":{"line":15,"column":12},"end":{"line":31,"column":13}}],"line":15},"1":{"loc":{"start":{"line":17,"column":18},"end":{"line":31,"column":13}},"type":"if","locations":[{"start":{"line":17,"column":18},"end":{"line":31,"column":13}},{"start":{"line":17,"column":18},"end":{"line":31,"column":13}}],"line":17},"2":{"loc":{"start":{"line":17,"column":21},"end":{"line":17,"column":43}},"type":"binary-expr","locations":[{"start":{"line":17,"column":21},"end":{"line":17,"column":25}},{"start":{"line":17,"column":29},"end":{"line":17,"column":34}},{"start":{"line":17,"column":38},"end":{"line":17,"column":43}}],"line":17},"3":{"loc":{"start":{"line":22,"column":18},"end":{"line":31,"column":13}},"type":"if","locations":[{"start":{"line":22,"column":18},"end":{"line":31,"column":13}},{"start":{"line":22,"column":18},"end":{"line":31,"column":13}}],"line":22},"4":{"loc":{"start":{"line":22,"column":21},"end":{"line":22,"column":58}},"type":"binary-expr","locations":[{"start":{"line":22,"column":21},"end":{"line":22,"column":25}},{"start":{"line":22,"column":29},"end":{"line":22,"column":49}},{"start":{"line":22,"column":53},"end":{"line":22,"column":58}}],"line":22},"5":{"loc":{"start":{"line":27,"column":18},"end":{"line":31,"column":13}},"type":"if","locations":[{"start":{"line":27,"column":18},"end":{"line":31,"column":13}},{"start":{"line":27,"column":18},"end":{"line":31,"column":13}}],"line":27},"6":{"loc":{"start":{"line":27,"column":22},"end":{"line":27,"column":56}},"type":"binary-expr","locations":[{"start":{"line":27,"column":22},"end":{"line":27,"column":26}},{"start":{"line":27,"column":30},"end":{"line":27,"column":47}},{"start":{"line":27,"column":51},"end":{"line":27,"column":56}}],"line":27},"7":{"loc":{"start":{"line":29,"column":18},"end":{"line":31,"column":13}},"type":"if","locations":[{"start":{"line":29,"column":18},"end":{"line":31,"column":13}},{"start":{"line":29,"column":18},"end":{"line":31,"column":13}}],"line":29},"8":{"loc":{"start":{"line":29,"column":22},"end":{"line":29,"column":71}},"type":"binary-expr","locations":[{"start":{"line":29,"column":22},"end":{"line":29,"column":26}},{"start":{"line":29,"column":30},"end":{"line":29,"column":50}},{"start":{"line":29,"column":54},"end":{"line":29,"column":71}}],"line":29}},"s":{"0":2,"1":2,"2":2,"3":2,"4":2,"5":8,"6":5,"7":1,"8":4,"9":1,"10":5,"11":1,"12":3,"13":1,"14":5,"15":1,"16":2,"17":1,"18":1,"19":1,"20":2,"21":0,"22":2},"f":{"0":8,"1":5,"2":5,"3":5,"4":0,"5":2},"b":{"0":[1,4],"1":[1,3],"2":[4,4,1],"3":[1,2],"4":[3,3,2],"5":[1,1],"6":[2,2,1],"7":[1,0],"8":[1,1,1]},"_coverageSchema":"43e27e138ebf9cfc5966b082cf9a028302ed4184","hash":"99baea682fb09139788d7aa21f806cbaf3d1fa34"}
,"/Users/narda/Desktop/Lim009/LIM009-fe-md-links/src/validateCli.js": {"path":"/Users/narda/Desktop/Lim009/LIM009-fe-md-links/src/validateCli.js","statementMap":{"0":{"start":{"line":2,"column":12},"end":{"line":2,"column":32}},"1":{"start":{"line":9,"column":21},"end":{"line":20,"column":1}},"2":{"start":{"line":10,"column":20},"end":{"line":12,"column":6}},"3":{"start":{"line":11,"column":6},"end":{"line":11,"column":22}},"4":{"start":{"line":13,"column":24},"end":{"line":17,"column":6}},"5":{"start":{"line":15,"column":7},"end":{"line":15,"column":44}},"6":{"start":{"line":18,"column":15},"end":{"line":18,"column":72}},"7":{"start":{"line":19,"column":4},"end":{"line":19,"column":30}},"8":{"start":{"line":24,"column":26},"end":{"line":40,"column":1}},"9":{"start":{"line":25,"column":18},"end":{"line":27,"column":4}},"10":{"start":{"line":26,"column":4},"end":{"line":26,"column":20}},"11":{"start":{"line":28,"column":22},"end":{"line":30,"column":4}},"12":{"start":{"line":29,"column":5},"end":{"line":29,"column":42}},"13":{"start":{"line":31,"column":16},"end":{"line":37,"column":6}},"14":{"start":{"line":32,"column":8},"end":{"line":36,"column":9}},"15":{"start":{"line":33,"column":12},"end":{"line":33,"column":30}},"16":{"start":{"line":34,"column":15},"end":{"line":36,"column":9}},"17":{"start":{"line":35,"column":12},"end":{"line":35,"column":30}},"18":{"start":{"line":38,"column":13},"end":{"line":38,"column":96}},"19":{"start":{"line":39,"column":2},"end":{"line":39,"column":28}}},"fnMap":{"0":{"name":"(anonymous_0)","decl":{"start":{"line":9,"column":21},"end":{"line":9,"column":22}},"loc":{"start":{"line":9,"column":31},"end":{"line":20,"column":1}},"line":9},"1":{"name":"(anonymous_1)","decl":{"start":{"line":10,"column":29},"end":{"line":10,"column":30}},"loc":{"start":{"line":10,"column":37},"end":{"line":12,"column":5}},"line":10},"2":{"name":"(anonymous_2)","decl":{"start":{"line":13,"column":39},"end":{"line":13,"column":40}},"loc":{"start":{"line":13,"column":59},"end":{"line":17,"column":5}},"line":13},"3":{"name":"(anonymous_3)","decl":{"start":{"line":24,"column":26},"end":{"line":24,"column":27}},"loc":{"start":{"line":24,"column":36},"end":{"line":40,"column":1}},"line":24},"4":{"name":"(anonymous_4)","decl":{"start":{"line":25,"column":27},"end":{"line":25,"column":28}},"loc":{"start":{"line":25,"column":35},"end":{"line":27,"column":3}},"line":25},"5":{"name":"(anonymous_5)","decl":{"start":{"line":28,"column":37},"end":{"line":28,"column":38}},"loc":{"start":{"line":28,"column":57},"end":{"line":30,"column":3}},"line":28},"6":{"name":"(anonymous_6)","decl":{"start":{"line":31,"column":28},"end":{"line":31,"column":29}},"loc":{"start":{"line":31,"column":36},"end":{"line":37,"column":5}},"line":31}},"branchMap":{"0":{"loc":{"start":{"line":32,"column":8},"end":{"line":36,"column":9}},"type":"if","locations":[{"start":{"line":32,"column":8},"end":{"line":36,"column":9}},{"start":{"line":32,"column":8},"end":{"line":36,"column":9}}],"line":32},"1":{"loc":{"start":{"line":32,"column":11},"end":{"line":32,"column":68}},"type":"binary-expr","locations":[{"start":{"line":32,"column":11},"end":{"line":32,"column":38}},{"start":{"line":32,"column":42},"end":{"line":32,"column":68}}],"line":32},"2":{"loc":{"start":{"line":34,"column":15},"end":{"line":36,"column":9}},"type":"if","locations":[{"start":{"line":34,"column":15},"end":{"line":36,"column":9}},{"start":{"line":34,"column":15},"end":{"line":36,"column":9}}],"line":34}},"s":{"0":2,"1":2,"2":2,"3":10,"4":2,"5":10,"6":2,"7":2,"8":2,"9":2,"10":10,"11":2,"12":10,"13":2,"14":10,"15":0,"16":10,"17":4,"18":2,"19":2},"f":{"0":2,"1":10,"2":10,"3":2,"4":10,"5":10,"6":10},"b":{"0":[0,10],"1":[10,10],"2":[4,6]},"_coverageSchema":"43e27e138ebf9cfc5966b082cf9a028302ed4184","hash":"75f1842b931332626f2735fb1ec9e60426650d25"}
}
