{"/Users/narda/Desktop/Lim009/LIM009-fe-md-links/src/index.js": {"path":"/Users/narda/Desktop/Lim009/LIM009-fe-md-links/src/index.js","statementMap":{"0":{"start":{"line":7,"column":14},"end":{"line":7,"column":66}},"1":{"start":{"line":8,"column":14},"end":{"line":8,"column":39}},"2":{"start":{"line":9,"column":12},"end":{"line":9,"column":22}},"3":{"start":{"line":10,"column":14},"end":{"line":10,"column":75}},"4":{"start":{"line":11,"column":13},"end":{"line":11,"column":68}},"5":{"start":{"line":13,"column":30},"end":{"line":21,"column":1}},"6":{"start":{"line":14,"column":19},"end":{"line":14,"column":40}},"7":{"start":{"line":15,"column":4},"end":{"line":19,"column":5}},"8":{"start":{"line":16,"column":8},"end":{"line":16,"column":20}},"9":{"start":{"line":18,"column":8},"end":{"line":18,"column":34}},"10":{"start":{"line":24,"column":22},"end":{"line":27,"column":1}},"11":{"start":{"line":25,"column":18},"end":{"line":25,"column":35}},"12":{"start":{"line":26,"column":4},"end":{"line":26,"column":26}},"13":{"start":{"line":30,"column":27},"end":{"line":33,"column":1}},"14":{"start":{"line":31,"column":18},"end":{"line":31,"column":35}},"15":{"start":{"line":32,"column":4},"end":{"line":32,"column":30}},"16":{"start":{"line":38,"column":23},"end":{"line":41,"column":1}},"17":{"start":{"line":39,"column":18},"end":{"line":39,"column":48}},"18":{"start":{"line":40,"column":4},"end":{"line":40,"column":18}},"19":{"start":{"line":44,"column":22},"end":{"line":49,"column":1}},"20":{"start":{"line":45,"column":21},"end":{"line":45,"column":50}},"21":{"start":{"line":46,"column":4},"end":{"line":48,"column":6}},"22":{"start":{"line":47,"column":8},"end":{"line":47,"column":41}},"23":{"start":{"line":52,"column":20},"end":{"line":55,"column":1}},"24":{"start":{"line":53,"column":14},"end":{"line":53,"column":41}},"25":{"start":{"line":54,"column":5},"end":{"line":54,"column":14}},"26":{"start":{"line":58,"column":28},"end":{"line":72,"column":1}},"27":{"start":{"line":59,"column":13},"end":{"line":59,"column":15}},"28":{"start":{"line":60,"column":4},"end":{"line":70,"column":5}},"29":{"start":{"line":61,"column":8},"end":{"line":63,"column":9}},"30":{"start":{"line":62,"column":12},"end":{"line":62,"column":26}},"31":{"start":{"line":65,"column":17},"end":{"line":65,"column":37}},"32":{"start":{"line":66,"column":8},"end":{"line":69,"column":11}},"33":{"start":{"line":67,"column":27},"end":{"line":67,"column":62}},"34":{"start":{"line":68,"column":12},"end":{"line":68,"column":37}},"35":{"start":{"line":71,"column":4},"end":{"line":71,"column":16}}},"fnMap":{"0":{"name":"(anonymous_0)","decl":{"start":{"line":13,"column":30},"end":{"line":13,"column":31}},"loc":{"start":{"line":13,"column":40},"end":{"line":21,"column":1}},"line":13},"1":{"name":"(anonymous_1)","decl":{"start":{"line":24,"column":22},"end":{"line":24,"column":23}},"loc":{"start":{"line":24,"column":30},"end":{"line":27,"column":1}},"line":24},"2":{"name":"(anonymous_2)","decl":{"start":{"line":30,"column":27},"end":{"line":30,"column":28}},"loc":{"start":{"line":30,"column":35},"end":{"line":33,"column":1}},"line":30},"3":{"name":"(anonymous_3)","decl":{"start":{"line":38,"column":23},"end":{"line":38,"column":24}},"loc":{"start":{"line":38,"column":32},"end":{"line":41,"column":1}},"line":38},"4":{"name":"(anonymous_4)","decl":{"start":{"line":44,"column":22},"end":{"line":44,"column":23}},"loc":{"start":{"line":44,"column":31},"end":{"line":49,"column":1}},"line":44},"5":{"name":"(anonymous_5)","decl":{"start":{"line":46,"column":26},"end":{"line":46,"column":27}},"loc":{"start":{"line":46,"column":39},"end":{"line":48,"column":5}},"line":46},"6":{"name":"(anonymous_6)","decl":{"start":{"line":52,"column":20},"end":{"line":52,"column":21}},"loc":{"start":{"line":52,"column":29},"end":{"line":55,"column":1}},"line":52},"7":{"name":"(anonymous_7)","decl":{"start":{"line":58,"column":28},"end":{"line":58,"column":29}},"loc":{"start":{"line":58,"column":37},"end":{"line":72,"column":1}},"line":58},"8":{"name":"(anonymous_8)","decl":{"start":{"line":66,"column":20},"end":{"line":66,"column":21}},"loc":{"start":{"line":66,"column":30},"end":{"line":69,"column":9}},"line":66}},"branchMap":{"0":{"loc":{"start":{"line":15,"column":4},"end":{"line":19,"column":5}},"type":"if","locations":[{"start":{"line":15,"column":4},"end":{"line":19,"column":5}},{"start":{"line":15,"column":4},"end":{"line":19,"column":5}}],"line":15},"1":{"loc":{"start":{"line":60,"column":4},"end":{"line":70,"column":5}},"type":"if","locations":[{"start":{"line":60,"column":4},"end":{"line":70,"column":5}},{"start":{"line":60,"column":4},"end":{"line":70,"column":5}}],"line":60},"2":{"loc":{"start":{"line":61,"column":8},"end":{"line":63,"column":9}},"type":"if","locations":[{"start":{"line":61,"column":8},"end":{"line":63,"column":9}},{"start":{"line":61,"column":8},"end":{"line":63,"column":9}}],"line":61}},"s":{"0":3,"1":3,"2":3,"3":3,"4":3,"5":3,"6":6,"7":6,"8":5,"9":1,"10":3,"11":43,"12":42,"13":3,"14":3,"15":2,"16":3,"17":13,"18":13,"19":3,"20":1,"21":1,"22":2,"23":3,"24":27,"25":27,"26":3,"27":40,"28":40,"29":25,"30":15,"31":15,"32":15,"33":35,"34":35,"35":40},"f":{"0":6,"1":43,"2":3,"3":13,"4":1,"5":2,"6":27,"7":40,"8":35},"b":{"0":[5,1],"1":[25,15],"2":[15,10]},"_coverageSchema":"43e27e138ebf9cfc5966b082cf9a028302ed4184","hash":"04b84980c78af62627f0f8cefe507ce984a9ea61"}
,"/Users/narda/Desktop/Lim009/LIM009-fe-md-links/src/main.js": {"path":"/Users/narda/Desktop/Lim009/LIM009-fe-md-links/src/main.js","statementMap":{"0":{"start":{"line":4,"column":18},"end":{"line":4,"column":38}},"1":{"start":{"line":5,"column":14},"end":{"line":5,"column":69}},"2":{"start":{"line":6,"column":13},"end":{"line":6,"column":23}},"3":{"start":{"line":7,"column":14},"end":{"line":7,"column":91}},"4":{"start":{"line":8,"column":14},"end":{"line":8,"column":66}},"5":{"start":{"line":12,"column":27},"end":{"line":31,"column":1}},"6":{"start":{"line":13,"column":20},"end":{"line":13,"column":40}},"7":{"start":{"line":14,"column":17},"end":{"line":14,"column":39}},"8":{"start":{"line":15,"column":15},"end":{"line":15,"column":17}},"9":{"start":{"line":16,"column":4},"end":{"line":28,"column":6}},"10":{"start":{"line":17,"column":21},"end":{"line":17,"column":35}},"11":{"start":{"line":18,"column":25},"end":{"line":18,"column":54}},"12":{"start":{"line":19,"column":8},"end":{"line":25,"column":9}},"13":{"start":{"line":20,"column":12},"end":{"line":24,"column":15}},"14":{"start":{"line":26,"column":8},"end":{"line":26,"column":49}},"15":{"start":{"line":29,"column":4},"end":{"line":29,"column":17}},"16":{"start":{"line":34,"column":26},"end":{"line":55,"column":1}},"17":{"start":{"line":35,"column":21},"end":{"line":53,"column":6}},"18":{"start":{"line":36,"column":8},"end":{"line":52,"column":10}},"19":{"start":{"line":38,"column":12},"end":{"line":38,"column":36}},"20":{"start":{"line":39,"column":12},"end":{"line":43,"column":14}},"21":{"start":{"line":40,"column":16},"end":{"line":40,"column":30}},"22":{"start":{"line":42,"column":16},"end":{"line":42,"column":30}},"23":{"start":{"line":44,"column":12},"end":{"line":44,"column":24}},"24":{"start":{"line":48,"column":12},"end":{"line":48,"column":29}},"25":{"start":{"line":51,"column":12},"end":{"line":51,"column":24}},"26":{"start":{"line":54,"column":4},"end":{"line":54,"column":33}}},"fnMap":{"0":{"name":"(anonymous_0)","decl":{"start":{"line":12,"column":27},"end":{"line":12,"column":28}},"loc":{"start":{"line":12,"column":37},"end":{"line":31,"column":1}},"line":12},"1":{"name":"(anonymous_1)","decl":{"start":{"line":16,"column":15},"end":{"line":16,"column":16}},"loc":{"start":{"line":16,"column":23},"end":{"line":28,"column":5}},"line":16},"2":{"name":"(anonymous_2)","decl":{"start":{"line":19,"column":23},"end":{"line":19,"column":24}},"loc":{"start":{"line":19,"column":46},"end":{"line":25,"column":9}},"line":19},"3":{"name":"(anonymous_3)","decl":{"start":{"line":34,"column":26},"end":{"line":34,"column":27}},"loc":{"start":{"line":34,"column":34},"end":{"line":55,"column":1}},"line":34},"4":{"name":"(anonymous_4)","decl":{"start":{"line":35,"column":43},"end":{"line":35,"column":44}},"loc":{"start":{"line":35,"column":51},"end":{"line":53,"column":5}},"line":35},"5":{"name":"(anonymous_5)","decl":{"start":{"line":37,"column":14},"end":{"line":37,"column":15}},"loc":{"start":{"line":37,"column":21},"end":{"line":45,"column":13}},"line":37},"6":{"name":"(anonymous_6)","decl":{"start":{"line":46,"column":15},"end":{"line":46,"column":16}},"loc":{"start":{"line":46,"column":22},"end":{"line":52,"column":9}},"line":46}},"branchMap":{"0":{"loc":{"start":{"line":39,"column":12},"end":{"line":43,"column":14}},"type":"if","locations":[{"start":{"line":39,"column":12},"end":{"line":43,"column":14}},{"start":{"line":39,"column":12},"end":{"line":43,"column":14}}],"line":39}},"s":{"0":2,"1":2,"2":2,"3":2,"4":2,"5":2,"6":4,"7":4,"8":4,"9":4,"10":12,"11":12,"12":12,"13":20,"14":12,"15":4,"16":2,"17":2,"18":6,"19":5,"20":5,"21":3,"22":2,"23":5,"24":0,"25":0,"26":1},"f":{"0":4,"1":12,"2":20,"3":2,"4":6,"5":5,"6":0},"b":{"0":[3,2]},"_coverageSchema":"43e27e138ebf9cfc5966b082cf9a028302ed4184","hash":"d0ca4a795ac8ac773f9df3d1ec10b38c9360451b"}
,"/Users/narda/Desktop/Lim009/LIM009-fe-md-links/src/mdLinks.js": {"path":"/Users/narda/Desktop/Lim009/LIM009-fe-md-links/src/mdLinks.js","statementMap":{"0":{"start":{"line":5,"column":14},"end":{"line":5,"column":69}},"1":{"start":{"line":7,"column":14},"end":{"line":7,"column":66}},"2":{"start":{"line":28,"column":23},"end":{"line":45,"column":1}},"3":{"start":{"line":29,"column":4},"end":{"line":44,"column":6}},"4":{"start":{"line":30,"column":8},"end":{"line":43,"column":9}},"5":{"start":{"line":31,"column":12},"end":{"line":35,"column":13}},"6":{"start":{"line":32,"column":16},"end":{"line":32,"column":43}},"7":{"start":{"line":33,"column":19},"end":{"line":35,"column":13}},"8":{"start":{"line":34,"column":16},"end":{"line":34,"column":43}},"9":{"start":{"line":38,"column":12},"end":{"line":42,"column":13}},"10":{"start":{"line":39,"column":16},"end":{"line":39,"column":40}},"11":{"start":{"line":41,"column":16},"end":{"line":41,"column":41}}},"fnMap":{"0":{"name":"(anonymous_0)","decl":{"start":{"line":28,"column":23},"end":{"line":28,"column":24}},"loc":{"start":{"line":28,"column":39},"end":{"line":45,"column":1}},"line":28},"1":{"name":"(anonymous_1)","decl":{"start":{"line":29,"column":24},"end":{"line":29,"column":25}},"loc":{"start":{"line":29,"column":45},"end":{"line":44,"column":5}},"line":29}},"branchMap":{"0":{"loc":{"start":{"line":31,"column":12},"end":{"line":35,"column":13}},"type":"if","locations":[{"start":{"line":31,"column":12},"end":{"line":35,"column":13}},{"start":{"line":31,"column":12},"end":{"line":35,"column":13}}],"line":31},"1":{"loc":{"start":{"line":33,"column":19},"end":{"line":35,"column":13}},"type":"if","locations":[{"start":{"line":33,"column":19},"end":{"line":35,"column":13}},{"start":{"line":33,"column":19},"end":{"line":35,"column":13}}],"line":33},"2":{"loc":{"start":{"line":33,"column":23},"end":{"line":33,"column":54}},"type":"binary-expr","locations":[{"start":{"line":33,"column":23},"end":{"line":33,"column":28}},{"start":{"line":33,"column":32},"end":{"line":33,"column":54}}],"line":33},"3":{"loc":{"start":{"line":38,"column":12},"end":{"line":42,"column":13}},"type":"if","locations":[{"start":{"line":38,"column":12},"end":{"line":42,"column":13}},{"start":{"line":38,"column":12},"end":{"line":42,"column":13}}],"line":38}},"s":{"0":1,"1":1,"2":1,"3":2,"4":2,"5":2,"6":1,"7":1,"8":1,"9":1,"10":1,"11":0},"f":{"0":2,"1":2},"b":{"0":[1,1],"1":[1,0],"2":[1,1],"3":[1,0]},"_coverageSchema":"43e27e138ebf9cfc5966b082cf9a028302ed4184","hash":"37eec1d01bb6d9cd95d4f497cd0c17db724de456"}
}
