TN:
SF:/Users/narda/Desktop/Lim009/LIM009-fe-md-links/src/index.js
FN:13,(anonymous_0)
FN:24,(anonymous_1)
FN:30,(anonymous_2)
FN:38,(anonymous_3)
FN:44,(anonymous_4)
FN:46,(anonymous_5)
FN:52,(anonymous_6)
FN:58,(anonymous_7)
FN:66,(anonymous_8)
FNF:9
FNH:9
FNDA:5,(anonymous_0)
FNDA:50,(anonymous_1)
FNDA:3,(anonymous_2)
FNDA:9,(anonymous_3)
FNDA:1,(anonymous_4)
FNDA:4,(anonymous_5)
FNDA:29,(anonymous_6)
FNDA:47,(anonymous_7)
FNDA:43,(anonymous_8)
DA:7,2
DA:8,2
DA:9,2
DA:10,2
DA:11,2
DA:13,2
DA:14,5
DA:15,5
DA:16,4
DA:18,1
DA:24,2
DA:25,50
DA:26,47
DA:30,2
DA:31,3
DA:32,0
DA:38,2
DA:39,9
DA:40,8
DA:44,2
DA:45,1
DA:46,1
DA:47,4
DA:52,2
DA:53,29
DA:54,29
DA:58,2
DA:59,47
DA:60,47
DA:61,27
DA:62,11
DA:65,20
DA:66,20
DA:67,43
DA:68,43
DA:71,47
LF:36
LH:35
BRDA:15,0,0,4
BRDA:15,0,1,1
BRDA:60,1,0,27
BRDA:60,1,1,20
BRDA:61,2,0,11
BRDA:61,2,1,16
BRF:6
BRH:6
end_of_record
TN:
SF:/Users/narda/Desktop/Lim009/LIM009-fe-md-links/src/main.js
FN:11,(anonymous_0)
FN:15,(anonymous_1)
FN:18,(anonymous_2)
FN:33,(anonymous_3)
FN:34,(anonymous_4)
FN:36,(anonymous_5)
FN:43,(anonymous_6)
FNF:7
FNH:7
FNDA:3,(anonymous_0)
FNDA:8,(anonymous_1)
FNDA:16,(anonymous_2)
FNDA:2,(anonymous_3)
FNDA:8,(anonymous_4)
FNDA:5,(anonymous_5)
FNDA:3,(anonymous_6)
DA:4,1
DA:5,1
DA:6,1
DA:7,1
DA:11,1
DA:12,3
DA:13,3
DA:14,3
DA:15,3
DA:16,8
DA:17,8
DA:18,8
DA:19,16
DA:25,8
DA:28,3
DA:33,1
DA:34,2
DA:35,8
DA:37,5
DA:38,5
DA:39,5
DA:41,5
DA:44,3
DA:46,3
DA:48,3
DA:51,2
LF:26
LH:26
BRDA:37,0,0,5
BRDA:37,0,1,0
BRDA:37,1,0,5
BRDA:37,1,1,1
BRF:4
BRH:3
end_of_record
